<?xml version="1.0" encoding="UTF-8"?>
<!-- Generated by org.testng.reporters.JUnitReportReporter -->
<testsuite skipped="0" hostname="DESKTOP-KHTMTEA" name="TestRunner" tests="3" failures="0" timestamp="2020-12-28T09:56:34 EST" time="0.152" errors="0">
  <testcase name="runScenario" time="0.145" classname="TestRunner"/>
  <system-out/>
  <testcase name="runScenario" time="0.004" classname="TestRunner"/>
  <system-out/>
  <testcase name="runScenario" time="0.003" classname="TestRunner"/>
  <system-out/>
</testsuite> <!-- TestRunner -->
